TN:
SF:/home/rafael/Documents/Programas/React/qs-react/src/book/BookForm.jsx
FN:10,(anonymous_0)
FN:23,(anonymous_1)
FN:25,(anonymous_2)
FN:28,(anonymous_3)
FN:30,(anonymous_4)
FN:33,(anonymous_5)
FN:35,(anonymous_6)
FN:39,(anonymous_7)
FN:40,(anonymous_8)
FN:43,(anonymous_9)
FN:47,(anonymous_10)
FN:80,(anonymous_11)
FNF:12
FNH:6
FNDA:4,(anonymous_0)
FNDA:1,(anonymous_1)
FNDA:1,(anonymous_2)
FNDA:1,(anonymous_3)
FNDA:1,(anonymous_4)
FNDA:0,(anonymous_5)
FNDA:0,(anonymous_6)
FNDA:0,(anonymous_7)
FNDA:0,(anonymous_8)
FNDA:0,(anonymous_9)
FNDA:6,(anonymous_10)
FNDA:0,(anonymous_11)
DA:11,4
DA:13,4
DA:24,1
DA:25,1
DA:29,1
DA:30,1
DA:34,0
DA:35,0
DA:40,0
DA:49,6
DA:80,0
DA:90,2
DA:98,2
LF:13
LH:9
BRDA:15,0,0,1
BRDA:15,0,1,3
BRDA:16,1,0,1
BRDA:16,1,1,3
BRDA:17,2,0,1
BRDA:17,2,1,3
BRDA:34,3,0,0
BRDA:34,3,1,0
BRF:8
BRH:6
end_of_record
TN:
SF:/home/rafael/Documents/Programas/React/qs-react/src/bookcase/Bookcase.jsx
FN:6,(anonymous_0)
FNF:1
FNH:0
FNDA:0,(anonymous_0)
DA:6,1
DA:7,0
LF:2
LH:1
BRF:0
BRH:0
end_of_record
TN:
SF:/home/rafael/Documents/Programas/React/qs-react/src/bookcase/BookcaseHeader.jsx
FN:3,(anonymous_0)
FNF:1
FNH:1
FNDA:1,(anonymous_0)
DA:4,1
LF:1
LH:1
BRF:0
BRH:0
end_of_record
TN:
SF:/home/rafael/Documents/Programas/React/qs-react/src/bookcase/BookcaseNavigation.jsx
FN:5,(anonymous_0)
FNF:1
FNH:1
FNDA:1,(anonymous_0)
DA:6,1
LF:1
LH:1
BRF:0
BRH:0
end_of_record
TN:
SF:/home/rafael/Documents/Programas/React/qs-react/src/routes/AppRouter.jsx
FN:9,(anonymous_0)
FNF:1
FNH:1
FNDA:1,(anonymous_0)
DA:9,1
DA:10,1
LF:2
LH:2
BRF:0
BRH:0
end_of_record
TN:
SF:/home/rafael/Documents/Programas/React/qs-react/src/store/configStore.js
FNF:0
FNH:0
DA:1,0
DA:8,0
DA:16,0
LF:3
LH:0
BRDA:14,0,0,0
BRDA:14,0,1,0
BRF:2
BRH:0
end_of_record
TN:
SF:/home/rafael/Documents/Programas/React/qs-react/src/template/Header.jsx
FN:4,(anonymous_0)
FNF:1
FNH:1
FNDA:1,(anonymous_0)
DA:4,2
DA:5,1
LF:2
LH:2
BRF:0
BRH:0
end_of_record
